<?xml version="1.0" encoding="UTF-8"?>
<!-- Generated by org.testng.reporters.JUnitXMLReporter -->
<testsuite ignored="0" hostname="Manepalli" failures="0" tests="3" name="Surefire test" time="38.414" errors="0" timestamp="2026-04-13T10:45:06 IST">
  <testcase classname="selenium.TestClasses.SubmitOrderTest" name="submitOrder" time="15.906"/>
  <testcase classname="selenium.TestClasses.SubmitOrderTest" name="submitOrder" time="15.733"/>
  <testcase classname="selenium.TestClasses.SubmitOrderTest" name="OrderHistoryTest" time="0.865"/>
</testsuite> <!-- Surefire test -->
