<?xml version="1.0" encoding="UTF-8"?>
<!-- Generated by org.testng.reporters.JUnitXMLReporter -->
<testsuite ignored="0" hostname="Manepalli" failures="1" tests="4" name="Error Validation Test" time="27.861" errors="0" timestamp="2026-04-13T08:59:41 IST">
  <testcase classname="selenium.TestClasses.ErrorValidation" name="wrongCredentialsValidation" time="1.284">
    <skipped/>
  </testcase> <!-- wrongCredentialsValidation -->
  <testcase classname="selenium.TestClasses.ErrorValidation" name="wrongCredentialsValidation" time="0.512">
    <skipped/>
  </testcase> <!-- wrongCredentialsValidation -->
  <testcase classname="selenium.TestClasses.ErrorValidation" name="wrongCredentialsValidation" time="0.448">
    <failure type="java.lang.AssertionError" message="expected [Incorrect email or password.] but found [Incorrect email password.]">
      <![CDATA[java.lang.AssertionError: expected [Incorrect email or password.] but found [Incorrect email password.]
at selenium.TestClasses.ErrorValidation.wrongCredentialsValidation(ErrorValidation.java:32)
at java.base/java.util.ArrayList.forEach(ArrayList.java:1596)
at java.base/java.util.concurrent.FutureTask.run(FutureTask.java:317)
at java.base/java.util.concurrent.ThreadPoolExecutor.runWorker(ThreadPoolExecutor.java:1144)
at java.base/java.util.concurrent.ThreadPoolExecutor$Worker.run(ThreadPoolExecutor.java:642)
at java.base/java.lang.Thread.run(Thread.java:1583)
... Removed 21 stack frames]]>
    </failure>
  </testcase> <!-- wrongCredentialsValidation -->
  <testcase classname="selenium.TestClasses.ErrorValidation" name="wrongProductValidation" time="15.871"/>
</testsuite> <!-- Error Validation Test -->
