<?xml version="1.0" encoding="UTF-8"?>
<!-- Generated by org.testng.reporters.JUnitXMLReporter -->
<testsuite ignored="0" hostname="Manepalli" failures="0" tests="3" name="Submit Order Test" time="40.264" errors="0" timestamp="2026-04-13T08:59:53 IST">
  <testcase classname="selenium.TestClasses.SubmitOrderTest" name="submitOrder" time="16.512"/>
  <testcase classname="selenium.TestClasses.SubmitOrderTest" name="submitOrder" time="15.888"/>
  <testcase classname="selenium.TestClasses.SubmitOrderTest" name="OrderHistoryTest" time="0.821"/>
</testsuite> <!-- Submit Order Test -->
