<?xml version="1.0" encoding="UTF-8"?>
<!-- Generated by org.testng.reporters.JUnitXMLReporter -->
<testsuite ignored="0" hostname="Manepalli" failures="0" tests="2" name="Error Validation Test" time="22.68" errors="0" timestamp="2026-04-13T13:44:06 IST">
  <testcase classname="selenium.TestClasses.ErrorValidation" name="wrongCredentialsValidation" time="0.538"/>
  <testcase classname="selenium.TestClasses.ErrorValidation" name="wrongProductValidation" time="15.808"/>
</testsuite> <!-- Error Validation Test -->
