<?xml version="1.0" encoding="UTF-8"?>
<!-- Generated by org.testng.reporters.JUnitXMLReporter -->
<testsuite ignored="0" hostname="Manepalli" failures="0" tests="3" name="Submit Order Test" time="44.59" errors="0" timestamp="2026-04-13T13:44:28 IST">
  <testcase classname="selenium.TestClasses.SubmitOrderTest" name="submitOrder" time="18.538"/>
  <testcase classname="selenium.TestClasses.SubmitOrderTest" name="submitOrder" time="17.751"/>
  <testcase classname="selenium.TestClasses.SubmitOrderTest" name="OrderHistoryTest" time="0.875"/>
</testsuite> <!-- Submit Order Test -->
