<?xml version="1.0" encoding="UTF-8"?>
<testng-results ignored="0" total="5" passed="5" failed="0" skipped="0">
  <reporter-output>
  </reporter-output>
  <suite started-at="2026-04-13T13:43:43 IST" name="Suite" finished-at="2026-04-13T13:44:28 IST" duration-ms="44590">
    <groups>
      <group name="ErrorHandling">
        <method signature="ErrorValidation.wrongCredentialsValidation()[pri:0, instance:selenium.TestClasses.ErrorValidation@23941fb4]" name="wrongCredentialsValidation" class="selenium.TestClasses.ErrorValidation"/>
      </group> <!-- ErrorHandling -->
      <group name="Purchase">
        <method signature="SubmitOrderTest.submitOrder(java.util.HashMap)[pri:0, instance:selenium.TestClasses.SubmitOrderTest@6f53b8a]" name="submitOrder" class="selenium.TestClasses.SubmitOrderTest"/>
      </group> <!-- Purchase -->
    </groups>
    <test started-at="2026-04-13T13:43:43 IST" name="Error Validation Test" finished-at="2026-04-13T13:44:06 IST" duration-ms="22680">
      <class name="selenium.TestClasses.ErrorValidation">
        <test-method is-config="true" signature="launchApplication()[pri:0, instance:selenium.TestClasses.ErrorValidation@23941fb4]" started-at="2026-04-13T13:43:43 IST" name="launchApplication" finished-at="2026-04-13T13:43:47 IST" duration-ms="3549" status="PASS">
          <reporter-output>
          </reporter-output>
        </test-method> <!-- launchApplication -->
        <test-method signature="wrongCredentialsValidation()[pri:0, instance:selenium.TestClasses.ErrorValidation@23941fb4]" started-at="2026-04-13T13:43:47 IST" name="wrongCredentialsValidation" finished-at="2026-04-13T13:43:47 IST" duration-ms="538" status="PASS">
          <reporter-output>
          </reporter-output>
        </test-method> <!-- wrongCredentialsValidation -->
        <test-method is-config="true" signature="tearDown()[pri:0, instance:selenium.TestClasses.ErrorValidation@23941fb4]" started-at="2026-04-13T13:43:47 IST" name="tearDown" finished-at="2026-04-13T13:43:47 IST" duration-ms="76" status="PASS">
          <reporter-output>
          </reporter-output>
        </test-method> <!-- tearDown -->
        <test-method is-config="true" signature="launchApplication()[pri:0, instance:selenium.TestClasses.ErrorValidation@23941fb4]" started-at="2026-04-13T13:43:47 IST" name="launchApplication" finished-at="2026-04-13T13:43:50 IST" duration-ms="2504" status="PASS">
          <reporter-output>
          </reporter-output>
        </test-method> <!-- launchApplication -->
        <test-method signature="wrongProductValidation()[pri:0, instance:selenium.TestClasses.ErrorValidation@23941fb4]" started-at="2026-04-13T13:43:50 IST" name="wrongProductValidation" finished-at="2026-04-13T13:44:06 IST" duration-ms="15808" status="PASS">
          <reporter-output>
          </reporter-output>
        </test-method> <!-- wrongProductValidation -->
        <test-method is-config="true" signature="tearDown()[pri:0, instance:selenium.TestClasses.ErrorValidation@23941fb4]" started-at="2026-04-13T13:44:06 IST" name="tearDown" finished-at="2026-04-13T13:44:06 IST" duration-ms="145" status="PASS">
          <reporter-output>
          </reporter-output>
        </test-method> <!-- tearDown -->
      </class> <!-- selenium.TestClasses.ErrorValidation -->
    </test> <!-- Error Validation Test -->
    <test started-at="2026-04-13T13:43:43 IST" name="Submit Order Test" finished-at="2026-04-13T13:44:28 IST" duration-ms="44590">
      <class name="selenium.TestClasses.SubmitOrderTest">
        <test-method is-config="true" signature="launchApplication()[pri:0, instance:selenium.TestClasses.SubmitOrderTest@6f53b8a]" started-at="2026-04-13T13:43:43 IST" name="launchApplication" finished-at="2026-04-13T13:43:46 IST" duration-ms="2322" status="PASS">
          <reporter-output>
          </reporter-output>
        </test-method> <!-- launchApplication -->
        <test-method signature="submitOrder(java.util.HashMap)[pri:0, instance:selenium.TestClasses.SubmitOrderTest@6f53b8a]" started-at="2026-04-13T13:43:46 IST" name="submitOrder" data-provider="getData" finished-at="2026-04-13T13:44:04 IST" duration-ms="18538" status="PASS">
          <params>
            <param index="0">
              <value>
                <![CDATA[{password=Krishna@123, product=ZARA COAT 3, email=kmanepalli3@gmail.com}]]>
              </value>
            </param>
          </params>
          <reporter-output>
          </reporter-output>
        </test-method> <!-- submitOrder -->
        <test-method is-config="true" signature="tearDown()[pri:0, instance:selenium.TestClasses.SubmitOrderTest@6f53b8a]" started-at="2026-04-13T13:44:04 IST" name="tearDown" finished-at="2026-04-13T13:44:04 IST" duration-ms="131" status="PASS">
          <reporter-output>
          </reporter-output>
        </test-method> <!-- tearDown -->
        <test-method is-config="true" signature="launchApplication()[pri:0, instance:selenium.TestClasses.SubmitOrderTest@6f53b8a]" started-at="2026-04-13T13:44:04 IST" name="launchApplication" finished-at="2026-04-13T13:44:07 IST" duration-ms="3035" status="PASS">
          <reporter-output>
          </reporter-output>
        </test-method> <!-- launchApplication -->
        <test-method signature="submitOrder(java.util.HashMap)[pri:0, instance:selenium.TestClasses.SubmitOrderTest@6f53b8a]" started-at="2026-04-13T13:44:07 IST" name="submitOrder" data-provider="getData" finished-at="2026-04-13T13:44:25 IST" duration-ms="17751" status="PASS">
          <params>
            <param index="0">
              <value>
                <![CDATA[{password=Chaitanya@123, product=ADIDAS ORIGINAL, email=chaitanyakrishna043@gmail.com}]]>
              </value>
            </param>
          </params>
          <reporter-output>
          </reporter-output>
        </test-method> <!-- submitOrder -->
        <test-method is-config="true" signature="tearDown()[pri:0, instance:selenium.TestClasses.SubmitOrderTest@6f53b8a]" started-at="2026-04-13T13:44:25 IST" name="tearDown" finished-at="2026-04-13T13:44:25 IST" duration-ms="102" status="PASS">
          <reporter-output>
          </reporter-output>
        </test-method> <!-- tearDown -->
        <test-method is-config="true" signature="launchApplication()[pri:0, instance:selenium.TestClasses.SubmitOrderTest@6f53b8a]" started-at="2026-04-13T13:44:25 IST" name="launchApplication" finished-at="2026-04-13T13:44:27 IST" duration-ms="1403" status="PASS">
          <reporter-output>
          </reporter-output>
        </test-method> <!-- launchApplication -->
        <test-method signature="OrderHistoryTest()[pri:0, instance:selenium.TestClasses.SubmitOrderTest@6f53b8a]" started-at="2026-04-13T13:44:27 IST" name="OrderHistoryTest" finished-at="2026-04-13T13:44:28 IST" depends-on-methods="selenium.TestClasses.SubmitOrderTest.submitOrder" duration-ms="875" status="PASS">
          <reporter-output>
          </reporter-output>
        </test-method> <!-- OrderHistoryTest -->
        <test-method is-config="true" signature="tearDown()[pri:0, instance:selenium.TestClasses.SubmitOrderTest@6f53b8a]" started-at="2026-04-13T13:44:28 IST" name="tearDown" finished-at="2026-04-13T13:44:28 IST" duration-ms="157" status="PASS">
          <reporter-output>
          </reporter-output>
        </test-method> <!-- tearDown -->
      </class> <!-- selenium.TestClasses.SubmitOrderTest -->
    </test> <!-- Submit Order Test -->
  </suite> <!-- Suite -->
</testng-results>
