<?xml version="1.0" encoding="UTF-8"?>
<testng-results retried="2" ignored="0" total="7" passed="4" failed="1" skipped="0">
  <reporter-output>
  </reporter-output>
  <suite started-at="2026-04-13T08:59:13 IST" name="Suite" finished-at="2026-04-13T08:59:53 IST" duration-ms="40264">
    <groups>
      <group name="ErrorHandling">
        <method signature="ErrorValidation.wrongCredentialsValidation()[pri:0, instance:selenium.TestClasses.ErrorValidation@7f284218]" name="wrongCredentialsValidation" class="selenium.TestClasses.ErrorValidation"/>
      </group> <!-- ErrorHandling -->
      <group name="Purchase">
        <method signature="SubmitOrderTest.submitOrder(java.util.HashMap)[pri:0, instance:selenium.TestClasses.SubmitOrderTest@5038d0b5]" name="submitOrder" class="selenium.TestClasses.SubmitOrderTest"/>
      </group> <!-- Purchase -->
    </groups>
    <test started-at="2026-04-13T08:59:13 IST" name="Error Validation Test" finished-at="2026-04-13T08:59:41 IST" duration-ms="27861">
      <class name="selenium.TestClasses.ErrorValidation">
        <test-method is-config="true" signature="launchApplication()[pri:0, instance:selenium.TestClasses.ErrorValidation@7f284218]" started-at="2026-04-13T08:59:13 IST" name="launchApplication" finished-at="2026-04-13T08:59:16 IST" duration-ms="3578" status="PASS">
          <reporter-output>
          </reporter-output>
        </test-method> <!-- launchApplication -->
        <test-method retried="true" signature="wrongCredentialsValidation()[pri:0, instance:selenium.TestClasses.ErrorValidation@7f284218]" started-at="2026-04-13T08:59:16 IST" name="wrongCredentialsValidation" finished-at="2026-04-13T08:59:18 IST" duration-ms="1284" status="SKIP">
          <exception class="java.lang.AssertionError">
            <message>
              <![CDATA[expected [Incorrect email or password.] but found [Incorrect email password.]]]>
            </message>
            <full-stacktrace>
              <![CDATA[java.lang.AssertionError: expected [Incorrect email or password.] but found [Incorrect email password.]
at org.testng.Assert.fail(Assert.java:111)
at org.testng.Assert.failNotEquals(Assert.java:1590)
at org.testng.Assert.assertEqualsImpl(Assert.java:150)
at org.testng.Assert.assertEquals(Assert.java:132)
at org.testng.Assert.assertEquals(Assert.java:656)
at org.testng.Assert.assertEquals(Assert.java:666)
at selenium.TestClasses.ErrorValidation.wrongCredentialsValidation(ErrorValidation.java:32)
at java.base/jdk.internal.reflect.DirectMethodHandleAccessor.invoke(DirectMethodHandleAccessor.java:103)
at java.base/java.lang.reflect.Method.invoke(Method.java:580)
at org.testng.internal.invokers.MethodInvocationHelper.invokeMethod(MethodInvocationHelper.java:141)
at org.testng.internal.invokers.TestInvoker.invokeMethod(TestInvoker.java:687)
at org.testng.internal.invokers.TestInvoker.invokeTestMethod(TestInvoker.java:230)
at org.testng.internal.invokers.MethodRunner.runInSequence(MethodRunner.java:63)
at org.testng.internal.invokers.TestInvoker$MethodInvocationAgent.invoke(TestInvoker.java:995)
at org.testng.internal.invokers.TestInvoker.invokeTestMethods(TestInvoker.java:203)
at org.testng.internal.invokers.TestMethodWorker.invokeTestMethods(TestMethodWorker.java:154)
at org.testng.internal.invokers.TestMethodWorker.run(TestMethodWorker.java:134)
at java.base/java.util.ArrayList.forEach(ArrayList.java:1596)
at org.testng.TestRunner.privateRun(TestRunner.java:741)
at org.testng.TestRunner.run(TestRunner.java:616)
at org.testng.SuiteRunner.runTest(SuiteRunner.java:421)
at org.testng.SuiteRunner$SuiteWorker.run(SuiteRunner.java:463)
at org.testng.internal.thread.ThreadUtil.lambda$execute$0(ThreadUtil.java:64)
at java.base/java.util.concurrent.FutureTask.run(FutureTask.java:317)
at java.base/java.util.concurrent.ThreadPoolExecutor.runWorker(ThreadPoolExecutor.java:1144)
at java.base/java.util.concurrent.ThreadPoolExecutor$Worker.run(ThreadPoolExecutor.java:642)
at java.base/java.lang.Thread.run(Thread.java:1583)
]]>
            </full-stacktrace>
          </exception> <!-- java.lang.AssertionError -->
          <reporter-output>
          </reporter-output>
        </test-method> <!-- wrongCredentialsValidation -->
        <test-method is-config="true" signature="tearDown()[pri:0, instance:selenium.TestClasses.ErrorValidation@7f284218]" started-at="2026-04-13T08:59:18 IST" name="tearDown" finished-at="2026-04-13T08:59:18 IST" duration-ms="215" status="PASS">
          <reporter-output>
          </reporter-output>
        </test-method> <!-- tearDown -->
        <test-method is-config="true" signature="launchApplication()[pri:0, instance:selenium.TestClasses.ErrorValidation@7f284218]" started-at="2026-04-13T08:59:18 IST" name="launchApplication" finished-at="2026-04-13T08:59:19 IST" duration-ms="1392" status="PASS">
          <reporter-output>
          </reporter-output>
        </test-method> <!-- launchApplication -->
        <test-method retried="true" signature="wrongCredentialsValidation()[pri:0, instance:selenium.TestClasses.ErrorValidation@7f284218]" started-at="2026-04-13T08:59:19 IST" name="wrongCredentialsValidation" finished-at="2026-04-13T08:59:20 IST" duration-ms="512" status="SKIP">
          <exception class="java.lang.AssertionError">
            <message>
              <![CDATA[expected [Incorrect email or password.] but found [Incorrect email password.]]]>
            </message>
            <full-stacktrace>
              <![CDATA[java.lang.AssertionError: expected [Incorrect email or password.] but found [Incorrect email password.]
at org.testng.Assert.fail(Assert.java:111)
at org.testng.Assert.failNotEquals(Assert.java:1590)
at org.testng.Assert.assertEqualsImpl(Assert.java:150)
at org.testng.Assert.assertEquals(Assert.java:132)
at org.testng.Assert.assertEquals(Assert.java:656)
at org.testng.Assert.assertEquals(Assert.java:666)
at selenium.TestClasses.ErrorValidation.wrongCredentialsValidation(ErrorValidation.java:32)
at java.base/jdk.internal.reflect.DirectMethodHandleAccessor.invoke(DirectMethodHandleAccessor.java:103)
at java.base/java.lang.reflect.Method.invoke(Method.java:580)
at org.testng.internal.invokers.MethodInvocationHelper.invokeMethod(MethodInvocationHelper.java:141)
at org.testng.internal.invokers.TestInvoker.invokeMethod(TestInvoker.java:687)
at org.testng.internal.invokers.TestInvoker.retryFailed(TestInvoker.java:269)
at org.testng.internal.invokers.MethodRunner.runInSequence(MethodRunner.java:76)
at org.testng.internal.invokers.TestInvoker$MethodInvocationAgent.invoke(TestInvoker.java:995)
at org.testng.internal.invokers.TestInvoker.invokeTestMethods(TestInvoker.java:203)
at org.testng.internal.invokers.TestMethodWorker.invokeTestMethods(TestMethodWorker.java:154)
at org.testng.internal.invokers.TestMethodWorker.run(TestMethodWorker.java:134)
at java.base/java.util.ArrayList.forEach(ArrayList.java:1596)
at org.testng.TestRunner.privateRun(TestRunner.java:741)
at org.testng.TestRunner.run(TestRunner.java:616)
at org.testng.SuiteRunner.runTest(SuiteRunner.java:421)
at org.testng.SuiteRunner$SuiteWorker.run(SuiteRunner.java:463)
at org.testng.internal.thread.ThreadUtil.lambda$execute$0(ThreadUtil.java:64)
at java.base/java.util.concurrent.FutureTask.run(FutureTask.java:317)
at java.base/java.util.concurrent.ThreadPoolExecutor.runWorker(ThreadPoolExecutor.java:1144)
at java.base/java.util.concurrent.ThreadPoolExecutor$Worker.run(ThreadPoolExecutor.java:642)
at java.base/java.lang.Thread.run(Thread.java:1583)
]]>
            </full-stacktrace>
          </exception> <!-- java.lang.AssertionError -->
          <reporter-output>
          </reporter-output>
        </test-method> <!-- wrongCredentialsValidation -->
        <test-method is-config="true" signature="tearDown()[pri:0, instance:selenium.TestClasses.ErrorValidation@7f284218]" started-at="2026-04-13T08:59:20 IST" name="tearDown" finished-at="2026-04-13T08:59:20 IST" duration-ms="90" status="PASS">
          <reporter-output>
          </reporter-output>
        </test-method> <!-- tearDown -->
        <test-method is-config="true" signature="launchApplication()[pri:0, instance:selenium.TestClasses.ErrorValidation@7f284218]" started-at="2026-04-13T08:59:20 IST" name="launchApplication" finished-at="2026-04-13T08:59:22 IST" duration-ms="2232" status="PASS">
          <reporter-output>
          </reporter-output>
        </test-method> <!-- launchApplication -->
        <test-method signature="wrongCredentialsValidation()[pri:0, instance:selenium.TestClasses.ErrorValidation@7f284218]" started-at="2026-04-13T08:59:22 IST" name="wrongCredentialsValidation" finished-at="2026-04-13T08:59:23 IST" duration-ms="448" status="FAIL">
          <exception class="java.lang.AssertionError">
            <message>
              <![CDATA[expected [Incorrect email or password.] but found [Incorrect email password.]]]>
            </message>
            <full-stacktrace>
              <![CDATA[java.lang.AssertionError: expected [Incorrect email or password.] but found [Incorrect email password.]
at org.testng.Assert.fail(Assert.java:111)
at org.testng.Assert.failNotEquals(Assert.java:1590)
at org.testng.Assert.assertEqualsImpl(Assert.java:150)
at org.testng.Assert.assertEquals(Assert.java:132)
at org.testng.Assert.assertEquals(Assert.java:656)
at org.testng.Assert.assertEquals(Assert.java:666)
at selenium.TestClasses.ErrorValidation.wrongCredentialsValidation(ErrorValidation.java:32)
at java.base/jdk.internal.reflect.DirectMethodHandleAccessor.invoke(DirectMethodHandleAccessor.java:103)
at java.base/java.lang.reflect.Method.invoke(Method.java:580)
at org.testng.internal.invokers.MethodInvocationHelper.invokeMethod(MethodInvocationHelper.java:141)
at org.testng.internal.invokers.TestInvoker.invokeMethod(TestInvoker.java:687)
at org.testng.internal.invokers.TestInvoker.retryFailed(TestInvoker.java:269)
at org.testng.internal.invokers.MethodRunner.runInSequence(MethodRunner.java:76)
at org.testng.internal.invokers.TestInvoker$MethodInvocationAgent.invoke(TestInvoker.java:995)
at org.testng.internal.invokers.TestInvoker.invokeTestMethods(TestInvoker.java:203)
at org.testng.internal.invokers.TestMethodWorker.invokeTestMethods(TestMethodWorker.java:154)
at org.testng.internal.invokers.TestMethodWorker.run(TestMethodWorker.java:134)
at java.base/java.util.ArrayList.forEach(ArrayList.java:1596)
at org.testng.TestRunner.privateRun(TestRunner.java:741)
at org.testng.TestRunner.run(TestRunner.java:616)
at org.testng.SuiteRunner.runTest(SuiteRunner.java:421)
at org.testng.SuiteRunner$SuiteWorker.run(SuiteRunner.java:463)
at org.testng.internal.thread.ThreadUtil.lambda$execute$0(ThreadUtil.java:64)
at java.base/java.util.concurrent.FutureTask.run(FutureTask.java:317)
at java.base/java.util.concurrent.ThreadPoolExecutor.runWorker(ThreadPoolExecutor.java:1144)
at java.base/java.util.concurrent.ThreadPoolExecutor$Worker.run(ThreadPoolExecutor.java:642)
at java.base/java.lang.Thread.run(Thread.java:1583)
]]>
            </full-stacktrace>
          </exception> <!-- java.lang.AssertionError -->
          <reporter-output>
          </reporter-output>
        </test-method> <!-- wrongCredentialsValidation -->
        <test-method is-config="true" signature="tearDown()[pri:0, instance:selenium.TestClasses.ErrorValidation@7f284218]" started-at="2026-04-13T08:59:23 IST" name="tearDown" finished-at="2026-04-13T08:59:23 IST" duration-ms="183" status="PASS">
          <reporter-output>
          </reporter-output>
        </test-method> <!-- tearDown -->
        <test-method is-config="true" signature="launchApplication()[pri:0, instance:selenium.TestClasses.ErrorValidation@7f284218]" started-at="2026-04-13T08:59:23 IST" name="launchApplication" finished-at="2026-04-13T08:59:25 IST" duration-ms="1417" status="PASS">
          <reporter-output>
          </reporter-output>
        </test-method> <!-- launchApplication -->
        <test-method signature="wrongProductValidation()[pri:0, instance:selenium.TestClasses.ErrorValidation@7f284218]" started-at="2026-04-13T08:59:25 IST" name="wrongProductValidation" finished-at="2026-04-13T08:59:40 IST" duration-ms="15871" status="PASS">
          <reporter-output>
          </reporter-output>
        </test-method> <!-- wrongProductValidation -->
        <test-method is-config="true" signature="tearDown()[pri:0, instance:selenium.TestClasses.ErrorValidation@7f284218]" started-at="2026-04-13T08:59:40 IST" name="tearDown" finished-at="2026-04-13T08:59:41 IST" duration-ms="216" status="PASS">
          <reporter-output>
          </reporter-output>
        </test-method> <!-- tearDown -->
      </class> <!-- selenium.TestClasses.ErrorValidation -->
    </test> <!-- Error Validation Test -->
    <test started-at="2026-04-13T08:59:13 IST" name="Submit Order Test" finished-at="2026-04-13T08:59:53 IST" duration-ms="40264">
      <class name="selenium.TestClasses.SubmitOrderTest">
        <test-method is-config="true" signature="launchApplication()[pri:0, instance:selenium.TestClasses.SubmitOrderTest@5038d0b5]" started-at="2026-04-13T08:59:13 IST" name="launchApplication" finished-at="2026-04-13T08:59:16 IST" duration-ms="3410" status="PASS">
          <reporter-output>
          </reporter-output>
        </test-method> <!-- launchApplication -->
        <test-method signature="submitOrder(java.util.HashMap)[pri:0, instance:selenium.TestClasses.SubmitOrderTest@5038d0b5]" started-at="2026-04-13T08:59:16 IST" name="submitOrder" data-provider="getData" finished-at="2026-04-13T08:59:33 IST" duration-ms="16512" status="PASS">
          <params>
            <param index="0">
              <value>
                <![CDATA[{password=Krishna@123, product=ZARA COAT 3, email=kmanepalli3@gmail.com}]]>
              </value>
            </param>
          </params>
          <reporter-output>
          </reporter-output>
        </test-method> <!-- submitOrder -->
        <test-method is-config="true" signature="tearDown()[pri:0, instance:selenium.TestClasses.SubmitOrderTest@5038d0b5]" started-at="2026-04-13T08:59:33 IST" name="tearDown" finished-at="2026-04-13T08:59:33 IST" duration-ms="209" status="PASS">
          <reporter-output>
          </reporter-output>
        </test-method> <!-- tearDown -->
        <test-method is-config="true" signature="launchApplication()[pri:0, instance:selenium.TestClasses.SubmitOrderTest@5038d0b5]" started-at="2026-04-13T08:59:33 IST" name="launchApplication" finished-at="2026-04-13T08:59:35 IST" duration-ms="1464" status="PASS">
          <reporter-output>
          </reporter-output>
        </test-method> <!-- launchApplication -->
        <test-method signature="submitOrder(java.util.HashMap)[pri:0, instance:selenium.TestClasses.SubmitOrderTest@5038d0b5]" started-at="2026-04-13T08:59:35 IST" name="submitOrder" data-provider="getData" finished-at="2026-04-13T08:59:51 IST" duration-ms="15888" status="PASS">
          <params>
            <param index="0">
              <value>
                <![CDATA[{password=Chaitanya@123, product=ADIDAS ORIGINAL, email=chaitanyakrishna043@gmail.com}]]>
              </value>
            </param>
          </params>
          <reporter-output>
          </reporter-output>
        </test-method> <!-- submitOrder -->
        <test-method is-config="true" signature="tearDown()[pri:0, instance:selenium.TestClasses.SubmitOrderTest@5038d0b5]" started-at="2026-04-13T08:59:51 IST" name="tearDown" finished-at="2026-04-13T08:59:51 IST" duration-ms="137" status="PASS">
          <reporter-output>
          </reporter-output>
        </test-method> <!-- tearDown -->
        <test-method is-config="true" signature="launchApplication()[pri:0, instance:selenium.TestClasses.SubmitOrderTest@5038d0b5]" started-at="2026-04-13T08:59:51 IST" name="launchApplication" finished-at="2026-04-13T08:59:52 IST" duration-ms="1487" status="PASS">
          <reporter-output>
          </reporter-output>
        </test-method> <!-- launchApplication -->
        <test-method signature="OrderHistoryTest()[pri:0, instance:selenium.TestClasses.SubmitOrderTest@5038d0b5]" started-at="2026-04-13T08:59:52 IST" name="OrderHistoryTest" finished-at="2026-04-13T08:59:53 IST" depends-on-methods="selenium.TestClasses.SubmitOrderTest.submitOrder" duration-ms="821" status="PASS">
          <reporter-output>
          </reporter-output>
        </test-method> <!-- OrderHistoryTest -->
        <test-method is-config="true" signature="tearDown()[pri:0, instance:selenium.TestClasses.SubmitOrderTest@5038d0b5]" started-at="2026-04-13T08:59:53 IST" name="tearDown" finished-at="2026-04-13T08:59:53 IST" duration-ms="106" status="PASS">
          <reporter-output>
          </reporter-output>
        </test-method> <!-- tearDown -->
      </class> <!-- selenium.TestClasses.SubmitOrderTest -->
    </test> <!-- Submit Order Test -->
  </suite> <!-- Suite -->
</testng-results>
