<?xml version="1.0" encoding="UTF-8"?>
<!-- Generated by org.testng.reporters.JUnitReportReporter -->
<testsuite hostname="Manepalli" failures="0" tests="3" name="selenium.TestClasses.SubmitOrderTest" time="40.034" errors="0" timestamp="2026-04-13T08:59:53 IST" skipped="0">
  <testcase classname="selenium.TestClasses.SubmitOrderTest" name="submitOrder" time="20.028"/>
  <testcase classname="selenium.TestClasses.SubmitOrderTest" name="OrderHistoryTest" time="2.517"/>
  <testcase classname="selenium.TestClasses.SubmitOrderTest" name="submitOrder" time="17.489"/>
</testsuite> <!-- selenium.TestClasses.SubmitOrderTest -->
