<?xml version="1.0" encoding="UTF-8"?>
<!-- Generated by org.testng.reporters.JUnitReportReporter -->
<testsuite hostname="Manepalli" failures="0" tests="2" name="selenium.TestClasses.ErrorValidation" time="22.620" errors="0" timestamp="2026-04-13T13:44:28 IST" skipped="0">
  <testcase classname="selenium.TestClasses.ErrorValidation" name="wrongProductValidation" time="18.388"/>
  <testcase classname="selenium.TestClasses.ErrorValidation" name="wrongCredentialsValidation" time="4.232"/>
</testsuite> <!-- selenium.TestClasses.ErrorValidation -->
