<?xml version="1.0" encoding="UTF-8"?>
<!-- Generated by org.testng.reporters.JUnitReportReporter -->
<testsuite hostname="Manepalli" failures="0" tests="3" name="selenium.TestClasses.SubmitOrderTest" time="44.314" errors="0" timestamp="2026-04-13T13:44:28 IST" skipped="0">
  <testcase classname="selenium.TestClasses.SubmitOrderTest" name="submitOrder" time="20.072"/>
  <testcase classname="selenium.TestClasses.SubmitOrderTest" name="submitOrder" time="20.175"/>
  <testcase classname="selenium.TestClasses.SubmitOrderTest" name="OrderHistoryTest" time="4.067"/>
</testsuite> <!-- selenium.TestClasses.SubmitOrderTest -->
